<?xml version="1.0" encoding="UTF-8"?>
<testsuite xmlns:xsi="http://www.w3.org/2001/XMLSchema-instance" xsi:noNamespaceSchemaLocation="https://maven.apache.org/surefire/maven-surefire-plugin/xsd/surefire-test-report.xsd" name="autoapp.automation.runner.TestRunner" time="59.203" tests="18" errors="0" skipped="0" failures="0">
  <properties>
    <property name="gopherProxySet" value="false"/>
    <property name="awt.toolkit" value="sun.lwawt.macosx.LWCToolkit"/>
    <property name="file.encoding.pkg" value="sun.io"/>
    <property name="java.specification.version" value="1.8"/>
    <property name="sun.cpu.isalist" value=""/>
    <property name="sun.jnu.encoding" value="UTF-8"/>
    <property name="java.class.path" value="/Users/a212726642/Documents/workspace/belongCodeTest/target/test-classes:/Users/a212726642/Documents/workspace/belongCodeTest/target/classes:/Users/a212726642/.m2/repository/junit/junit/4.11/junit-4.11.jar:/Users/a212726642/.m2/repository/org/hamcrest/hamcrest-core/1.3/hamcrest-core-1.3.jar:/Users/a212726642/.m2/repository/org/seleniumhq/selenium/selenium-java/3.141.59/selenium-java-3.141.59.jar:/Users/a212726642/.m2/repository/org/seleniumhq/selenium/selenium-api/3.141.59/selenium-api-3.141.59.jar:/Users/a212726642/.m2/repository/org/seleniumhq/selenium/selenium-chrome-driver/3.141.59/selenium-chrome-driver-3.141.59.jar:/Users/a212726642/.m2/repository/org/seleniumhq/selenium/selenium-edge-driver/3.141.59/selenium-edge-driver-3.141.59.jar:/Users/a212726642/.m2/repository/org/seleniumhq/selenium/selenium-firefox-driver/3.141.59/selenium-firefox-driver-3.141.59.jar:/Users/a212726642/.m2/repository/org/seleniumhq/selenium/selenium-ie-driver/3.141.59/selenium-ie-driver-3.141.59.jar:/Users/a212726642/.m2/repository/org/seleniumhq/selenium/selenium-opera-driver/3.141.59/selenium-opera-driver-3.141.59.jar:/Users/a212726642/.m2/repository/org/seleniumhq/selenium/selenium-remote-driver/3.141.59/selenium-remote-driver-3.141.59.jar:/Users/a212726642/.m2/repository/org/seleniumhq/selenium/selenium-safari-driver/3.141.59/selenium-safari-driver-3.141.59.jar:/Users/a212726642/.m2/repository/org/seleniumhq/selenium/selenium-support/3.141.59/selenium-support-3.141.59.jar:/Users/a212726642/.m2/repository/net/bytebuddy/byte-buddy/1.8.15/byte-buddy-1.8.15.jar:/Users/a212726642/.m2/repository/org/apache/commons/commons-exec/1.3/commons-exec-1.3.jar:/Users/a212726642/.m2/repository/com/google/guava/guava/25.0-jre/guava-25.0-jre.jar:/Users/a212726642/.m2/repository/com/google/code/findbugs/jsr305/1.3.9/jsr305-1.3.9.jar:/Users/a212726642/.m2/repository/org/checkerframework/checker-compat-qual/2.0.0/checker-compat-qual-2.0.0.jar:/Users/a212726642/.m2/repository/com/google/errorprone/error_prone_annotations/2.1.3/error_prone_annotations-2.1.3.jar:/Users/a212726642/.m2/repository/com/google/j2objc/j2objc-annotations/1.1/j2objc-annotations-1.1.jar:/Users/a212726642/.m2/repository/org/codehaus/mojo/animal-sniffer-annotations/1.14/animal-sniffer-annotations-1.14.jar:/Users/a212726642/.m2/repository/com/squareup/okhttp3/okhttp/3.11.0/okhttp-3.11.0.jar:/Users/a212726642/.m2/repository/com/squareup/okio/okio/1.14.0/okio-1.14.0.jar:/Users/a212726642/.m2/repository/info/cukes/cucumber-java/1.2.5/cucumber-java-1.2.5.jar:/Users/a212726642/.m2/repository/info/cukes/cucumber-core/1.2.5/cucumber-core-1.2.5.jar:/Users/a212726642/.m2/repository/info/cukes/cucumber-html/0.2.3/cucumber-html-0.2.3.jar:/Users/a212726642/.m2/repository/info/cukes/cucumber-jvm-deps/1.0.5/cucumber-jvm-deps-1.0.5.jar:/Users/a212726642/.m2/repository/info/cukes/gherkin/2.12.2/gherkin-2.12.2.jar:/Users/a212726642/.m2/repository/info/cukes/cucumber-junit/1.2.5/cucumber-junit-1.2.5.jar:"/>
    <property name="java.vm.vendor" value="AdoptOpenJDK"/>
    <property name="sun.arch.data.model" value="64"/>
    <property name="java.vendor.url" value="http://java.oracle.com/"/>
    <property name="user.timezone" value=""/>
    <property name="java.vm.specification.version" value="1.8"/>
    <property name="os.name" value="Mac OS X"/>
    <property name="user.country" value="AU"/>
    <property name="sun.java.launcher" value="SUN_STANDARD"/>
    <property name="sun.boot.library.path" value="/Users/a212726642/.sdkman/candidates/java/8.0.242.hs-adpt/jre/lib"/>
    <property name="sun.java.command" value="/Users/a212726642/Documents/workspace/belongCodeTest/target/surefire/surefirebooter768569517810073269.jar /Users/a212726642/Documents/workspace/belongCodeTest/target/surefire 2022-03-20T03-18-31_661-jvmRun1 surefire1563576905144106439tmp surefire_08890552016380864765tmp"/>
    <property name="http.nonProxyHosts" value="local|*.local|169.254/16|*.169.254/16"/>
    <property name="surefire.test.class.path" value="/Users/a212726642/Documents/workspace/belongCodeTest/target/test-classes:/Users/a212726642/Documents/workspace/belongCodeTest/target/classes:/Users/a212726642/.m2/repository/junit/junit/4.11/junit-4.11.jar:/Users/a212726642/.m2/repository/org/hamcrest/hamcrest-core/1.3/hamcrest-core-1.3.jar:/Users/a212726642/.m2/repository/org/seleniumhq/selenium/selenium-java/3.141.59/selenium-java-3.141.59.jar:/Users/a212726642/.m2/repository/org/seleniumhq/selenium/selenium-api/3.141.59/selenium-api-3.141.59.jar:/Users/a212726642/.m2/repository/org/seleniumhq/selenium/selenium-chrome-driver/3.141.59/selenium-chrome-driver-3.141.59.jar:/Users/a212726642/.m2/repository/org/seleniumhq/selenium/selenium-edge-driver/3.141.59/selenium-edge-driver-3.141.59.jar:/Users/a212726642/.m2/repository/org/seleniumhq/selenium/selenium-firefox-driver/3.141.59/selenium-firefox-driver-3.141.59.jar:/Users/a212726642/.m2/repository/org/seleniumhq/selenium/selenium-ie-driver/3.141.59/selenium-ie-driver-3.141.59.jar:/Users/a212726642/.m2/repository/org/seleniumhq/selenium/selenium-opera-driver/3.141.59/selenium-opera-driver-3.141.59.jar:/Users/a212726642/.m2/repository/org/seleniumhq/selenium/selenium-remote-driver/3.141.59/selenium-remote-driver-3.141.59.jar:/Users/a212726642/.m2/repository/org/seleniumhq/selenium/selenium-safari-driver/3.141.59/selenium-safari-driver-3.141.59.jar:/Users/a212726642/.m2/repository/org/seleniumhq/selenium/selenium-support/3.141.59/selenium-support-3.141.59.jar:/Users/a212726642/.m2/repository/net/bytebuddy/byte-buddy/1.8.15/byte-buddy-1.8.15.jar:/Users/a212726642/.m2/repository/org/apache/commons/commons-exec/1.3/commons-exec-1.3.jar:/Users/a212726642/.m2/repository/com/google/guava/guava/25.0-jre/guava-25.0-jre.jar:/Users/a212726642/.m2/repository/com/google/code/findbugs/jsr305/1.3.9/jsr305-1.3.9.jar:/Users/a212726642/.m2/repository/org/checkerframework/checker-compat-qual/2.0.0/checker-compat-qual-2.0.0.jar:/Users/a212726642/.m2/repository/com/google/errorprone/error_prone_annotations/2.1.3/error_prone_annotations-2.1.3.jar:/Users/a212726642/.m2/repository/com/google/j2objc/j2objc-annotations/1.1/j2objc-annotations-1.1.jar:/Users/a212726642/.m2/repository/org/codehaus/mojo/animal-sniffer-annotations/1.14/animal-sniffer-annotations-1.14.jar:/Users/a212726642/.m2/repository/com/squareup/okhttp3/okhttp/3.11.0/okhttp-3.11.0.jar:/Users/a212726642/.m2/repository/com/squareup/okio/okio/1.14.0/okio-1.14.0.jar:/Users/a212726642/.m2/repository/info/cukes/cucumber-java/1.2.5/cucumber-java-1.2.5.jar:/Users/a212726642/.m2/repository/info/cukes/cucumber-core/1.2.5/cucumber-core-1.2.5.jar:/Users/a212726642/.m2/repository/info/cukes/cucumber-html/0.2.3/cucumber-html-0.2.3.jar:/Users/a212726642/.m2/repository/info/cukes/cucumber-jvm-deps/1.0.5/cucumber-jvm-deps-1.0.5.jar:/Users/a212726642/.m2/repository/info/cukes/gherkin/2.12.2/gherkin-2.12.2.jar:/Users/a212726642/.m2/repository/info/cukes/cucumber-junit/1.2.5/cucumber-junit-1.2.5.jar:"/>
    <property name="sun.cpu.endian" value="little"/>
    <property name="user.home" value="/Users/a212726642"/>
    <property name="user.language" value="en"/>
    <property name="java.specification.vendor" value="Oracle Corporation"/>
    <property name="java.home" value="/Users/a212726642/.sdkman/candidates/java/8.0.242.hs-adpt/jre"/>
    <property name="basedir" value="/Users/a212726642/Documents/workspace/belongCodeTest"/>
    <property name="file.separator" value="/"/>
    <property name="line.separator" value="&#10;"/>
    <property name="java.vm.specification.vendor" value="Oracle Corporation"/>
    <property name="java.specification.name" value="Java Platform API Specification"/>
    <property name="java.awt.graphicsenv" value="sun.awt.CGraphicsEnvironment"/>
    <property name="surefire.real.class.path" value="/Users/a212726642/Documents/workspace/belongCodeTest/target/surefire/surefirebooter768569517810073269.jar"/>
    <property name="sun.boot.class.path" value="/Users/a212726642/.sdkman/candidates/java/8.0.242.hs-adpt/jre/lib/resources.jar:/Users/a212726642/.sdkman/candidates/java/8.0.242.hs-adpt/jre/lib/rt.jar:/Users/a212726642/.sdkman/candidates/java/8.0.242.hs-adpt/jre/lib/sunrsasign.jar:/Users/a212726642/.sdkman/candidates/java/8.0.242.hs-adpt/jre/lib/jsse.jar:/Users/a212726642/.sdkman/candidates/java/8.0.242.hs-adpt/jre/lib/jce.jar:/Users/a212726642/.sdkman/candidates/java/8.0.242.hs-adpt/jre/lib/charsets.jar:/Users/a212726642/.sdkman/candidates/java/8.0.242.hs-adpt/jre/lib/jfr.jar:/Users/a212726642/.sdkman/candidates/java/8.0.242.hs-adpt/jre/classes"/>
    <property name="sun.management.compiler" value="HotSpot 64-Bit Tiered Compilers"/>
    <property name="ftp.nonProxyHosts" value="local|*.local|169.254/16|*.169.254/16"/>
    <property name="java.runtime.version" value="1.8.0_242-b08"/>
    <property name="user.name" value="a212726642"/>
    <property name="path.separator" value=":"/>
    <property name="os.version" value="10.16"/>
    <property name="java.endorsed.dirs" value="/Users/a212726642/.sdkman/candidates/java/8.0.242.hs-adpt/jre/lib/endorsed"/>
    <property name="java.runtime.name" value="OpenJDK Runtime Environment"/>
    <property name="file.encoding" value="UTF-8"/>
    <property name="java.vm.name" value="OpenJDK 64-Bit Server VM"/>
    <property name="localRepository" value="/Users/a212726642/.m2/repository"/>
    <property name="java.vendor.url.bug" value="http://bugreport.sun.com/bugreport/"/>
    <property name="java.io.tmpdir" value="/var/folders/1p/bbfchll95_dfksy_zpb60sqm0000gn/T/"/>
    <property name="java.version" value="1.8.0_242"/>
    <property name="user.dir" value="/Users/a212726642/Documents/workspace/belongCodeTest"/>
    <property name="os.arch" value="x86_64"/>
    <property name="java.vm.specification.name" value="Java Virtual Machine Specification"/>
    <property name="java.awt.printerjob" value="sun.lwawt.macosx.CPrinterJob"/>
    <property name="sun.os.patch.level" value="unknown"/>
    <property name="java.library.path" value="/Users/a212726642/Library/Java/Extensions:/Library/Java/Extensions:/Network/Library/Java/Extensions:/System/Library/Java/Extensions:/usr/lib/java:."/>
    <property name="java.vm.info" value="mixed mode"/>
    <property name="java.vendor" value="AdoptOpenJDK"/>
    <property name="java.vm.version" value="25.242-b08"/>
    <property name="java.ext.dirs" value="/Users/a212726642/Library/Java/Extensions:/Users/a212726642/.sdkman/candidates/java/8.0.242.hs-adpt/jre/lib/ext:/Library/Java/Extensions:/Network/Library/Java/Extensions:/System/Library/Java/Extensions:/usr/lib/java"/>
    <property name="sun.io.unicode.encoding" value="UnicodeBig"/>
    <property name="java.class.version" value="52.0"/>
    <property name="socksNonProxyHosts" value="local|*.local|169.254/16|*.169.254/16"/>
  </properties>
  <testcase name="Given Automation practice application is opened" classname="Scenario: Validate Mega menu is accessible" time="0.001"/>
  <testcase name="Then user checks megamenu is displayed and clickable" classname="Scenario: Validate Mega menu is accessible" time="0"/>
  <testcase name="When user select dresses" classname="Scenario: Validate Mega menu is accessible" time="0"/>
  <testcase name="Then user navigates to summerDresses menu" classname="Scenario: Validate Mega menu is accessible" time="0"/>
  <testcase name="And user should be in summerDresses page" classname="Scenario: Validate Mega menu is accessible" time="0"/>
  <testcase name="Then verify the page title" classname="Scenario: Validate Mega menu is accessible" time="0"/>
  <testcase name="Scenario: Validate Mega menu is accessible" classname="Scenario: Validate Mega menu is accessible" time="0.083"/>
  <testcase name="Given Automation practice application is opened" classname="Scenario: Validate user is able to register" time="0"/>
  <testcase name="When I click sign in" classname="Scenario: Validate user is able to register" time="0"/>
  <testcase name="And I create account with emailid &quot;testRandom@testauto.com&quot;" classname="Scenario: Validate user is able to register" time="0.001"/>
  <testcase name="Then I should be able to register with my below details" classname="Scenario: Validate user is able to register" time="0"/>
  <testcase name="Scenario: Validate user is able to register" classname="Scenario: Validate user is able to register" time="0.077"/>
  <testcase name="Given Automation practice application is opened" classname="Scenario: Validate incorrect email error message" time="0"/>
  <testcase name="When I click sign in" classname="Scenario: Validate incorrect email error message" time="0"/>
  <testcase name="And I create account with emailid &quot;testRandom@testauto&quot;" classname="Scenario: Validate incorrect email error message" time="0"/>
  <testcase name="Then I should get invalid email error message" classname="Scenario: Validate incorrect email error message" time="0"/>
  <testcase name="Then I should be able to see error message displayed" classname="Scenario: Validate incorrect email error message" time="0"/>
  <testcase name="Scenario: Validate incorrect email error message" classname="Scenario: Validate incorrect email error message" time="0.075"/>
</testsuite>